<?xml version="1.0" encoding="UTF-8"?>
<!-- Generated by org.testng.reporters.JUnitReportReporter -->
<testsuite skipped="0" hostname="DESKTOP-1N0NV8B" name="samplegittest.SampleGitTest" tests="1" failures="0" timestamp="16 Jun 2018 05:22:20 GMT" time="14.857" errors="0">
  <testcase name="loginTest" time="14.857" classname="samplegittest.SampleGitTest"/>
</testsuite> <!-- samplegittest.SampleGitTest -->
