<?xml version="1.0" encoding="UTF-8"?>
<!-- Generated by org.testng.reporters.JUnitReportReporter -->
<testsuite name="samplegittest.SampleGitTest2" tests="1" time="18.073" ignored="0" failures="0" timestamp="23 Jun 2018 06:07:02 GMT" skipped="0" hostname="DESKTOP-1N0NV8B" errors="0">
  <testcase name="loginTest" time="18.073" classname="samplegittest.SampleGitTest2"/>
</testsuite> <!-- samplegittest.SampleGitTest2 -->
